<?xml version="1.0" encoding="UTF-8"?>
<coverage generated="1605525560188" clover="3.2.0">
  <project timestamp="1605525560188" name="All files">
    <metrics statements="2" coveredstatements="2" conditionals="0" coveredconditionals="0" methods="2" coveredmethods="2" elements="4" coveredelements="4" complexity="0" loc="2" ncloc="2" packages="1" files="1" classes="1"/>
    <file name="lenses.component.ts" path="/Users/ammarnajjar/code/ng-lenses/projects/lenses/src/lib/lenses.component.ts">
      <metrics statements="2" coveredstatements="2" conditionals="0" coveredconditionals="0" methods="2" coveredmethods="2"/>
      <line num="1" count="1" type="stmt"/>
      <line num="13" count="1" type="stmt"/>
    </file>
  </project>
</coverage>
