{"/Users/ammarnajjar/code/ng-lenses/projects/lenses/src/lib/lenses.component.ts": {"path":"/Users/ammarnajjar/code/ng-lenses/projects/lenses/src/lib/lenses.component.ts","statementMap":{"0":{"start":{"line":1,"column":0},"end":{"line":1,"column":50}},"1":{"start":{"line":13,"column":0},"end":{"line":20,"column":null}},"2":{"start":{"line":13,"column":13},"end":{"line":20,"column":null}},"3":{"start":{"line":13,"column":13},"end":{"line":13,"column":28}}},"fnMap":{"0":{"name":"(anonymous_0)","decl":{"start":{"line":15,"column":2},"end":{"line":15,"column":18}},"loc":{"start":{"line":15,"column":2},"end":{"line":15,"column":19}}},"1":{"name":"(anonymous_1)","decl":{"start":{"line":17,"column":2},"end":{"line":17,"column":10}},"loc":{"start":{"line":17,"column":10},"end":{"line":18,"column":3}}}},"branchMap":{},"s":{"0":1,"1":1,"2":1,"3":1},"f":{"0":1,"1":1},"b":{}}
}
